0 info it worked if it ends with ok
1 verbose cli [ '/usr/local/bin/node', '/usr/local/bin/npm', 'publish' ]
2 info using npm@2.14.2
3 info using node@v4.0.0
4 verbose publish [ '.' ]
5 silly cache add args [ '.', null ]
6 verbose cache add spec .
7 silly cache add parsed spec Result {
7 silly cache add   raw: '.',
7 silly cache add   scope: null,
7 silly cache add   name: null,
7 silly cache add   rawSpec: '.',
7 silly cache add   spec: '/Users/miriam/Documents/Web/Sites/sass-rando',
7 silly cache add   type: 'directory' }
8 verbose addLocalDirectory /Users/miriam/.npm/sass-rando/2.0.0/package.tgz not in flight; packing
9 verbose tar pack [ '/Users/miriam/.npm/sass-rando/2.0.0/package.tgz',
9 verbose tar pack   '/Users/miriam/Documents/Web/Sites/sass-rando' ]
10 verbose tarball /Users/miriam/.npm/sass-rando/2.0.0/package.tgz
11 verbose folder /Users/miriam/Documents/Web/Sites/sass-rando
12 info prepublish sass-rando@2.0.0
13 verbose addLocalTarball adding from inside cache /Users/miriam/.npm/sass-rando/2.0.0/package.tgz
14 silly cache afterAdd sass-rando@2.0.0
15 verbose afterAdd /Users/miriam/.npm/sass-rando/2.0.0/package/package.json not in flight; writing
16 verbose afterAdd /Users/miriam/.npm/sass-rando/2.0.0/package/package.json written
17 silly publish { name: 'sass-rando',
17 silly publish   version: '2.0.0',
17 silly publish   description: 'A small collection of functions and mixins to help you make the most out of Sass\'s built-in `random()` function.',
17 silly publish   main: 'sass/index.scss',
17 silly publish   directories: { doc: 'docs', test: 'test' },
17 silly publish   repository:
17 silly publish    { type: 'git',
17 silly publish      url: 'git+https://github.com/mknadler/sass-rando.git' },
17 silly publish   author: { name: 'Miriam Nadler' },
17 silly publish   license: 'MIT',
17 silly publish   bugs: { url: 'https://github.com/mknadler/sass-rando/issues' },
17 silly publish   homepage: 'https://github.com/mknadler/sass-rando',
17 silly publish   devDependencies:
17 silly publish    { grunt: '^0.4.5',
17 silly publish      'grunt-sassdoc': '^1.2.1',
17 silly publish      'grunt-shell': '^1.1.1',
17 silly publish      'load-grunt-tasks': '^3.1.0' },
17 silly publish   readme: '# Rando\n\nA small collection of functions and mixins to help you make the most out of Sass\'s built-in `random()` function.\n\nWant to not think about preserving units when you\'re randomizing? Need to shuffle to a list? Want to roll 2d6 in Sass? Rando might be useful for you; it aims to make otherwise-complicated randomization-related tasks simple to implement.\n\nStuck? [Check out the docs](http://mknadler.github.io/sass-rando).\n\n## How To Install\n\n`npm install sass-rando`, `git clone`, or simply copy-and-paste the contents of the `sass/` folder.\n\n## Questions?\n\nMore will be added soon; in the meantime, please feel free to request specific features, make a PR, or [get in touch](https://twitter.com/antimytheme).\n\nThanks to [@jshawl](http://github.com/jshawl), [@hugogiraudel](http://github.com/hugogiraudel), and [@nickmasso](http://github.com/nickmasso) for contributing!\n',
17 silly publish   readmeFilename: 'README.md',
17 silly publish   gitHead: 'a5f993c463f0c91641acd1c8dacae9dde2c49216',
17 silly publish   _id: 'sass-rando@2.0.0',
17 silly publish   scripts: {},
17 silly publish   _shasum: 'ed77824af96dd0a066e7e5aafad7423662a62b4c',
17 silly publish   _from: '.' }
18 verbose getPublishConfig undefined
19 silly mapToRegistry name sass-rando
20 silly mapToRegistry using default registry
21 silly mapToRegistry registry https://registry.npmjs.org/
22 silly mapToRegistry uri https://registry.npmjs.org/sass-rando
23 verbose publish registryBase https://registry.npmjs.org/
24 silly publish uploading /Users/miriam/.npm/sass-rando/2.0.0/package.tgz
25 verbose request uri https://registry.npmjs.org/sass-rando
26 verbose request sending authorization for write operation
27 info attempt registry request try #1 at 4:35:51 PM
28 verbose request using bearer token for auth
29 verbose request id 7e490682646a5f7e
30 http request PUT https://registry.npmjs.org/sass-rando
31 http 403 https://registry.npmjs.org/sass-rando
32 verbose headers { 'content-type': 'application/json',
32 verbose headers   'cache-control': 'max-age=60',
32 verbose headers   'content-length': '95',
32 verbose headers   'accept-ranges': 'bytes',
32 verbose headers   date: 'Thu, 12 Nov 2015 22:35:53 GMT',
32 verbose headers   via: '1.1 varnish',
32 verbose headers   connection: 'keep-alive',
32 verbose headers   'x-served-by': 'cache-dfw1828-DFW',
32 verbose headers   'x-cache': 'MISS',
32 verbose headers   'x-cache-hits': '0',
32 verbose headers   'x-timer': 'S1447367753.072269,VS0,VE832' }
33 verbose request invalidating /Users/miriam/.npm/registry.npmjs.org/sass-rando on PUT
34 error publish Failed PUT 403
35 verbose stack Error: "You cannot publish over the previously published version 2.0.0." : sass-rando
35 verbose stack     at makeError (/usr/local/lib/node_modules/npm/node_modules/npm-registry-client/lib/request.js:263:12)
35 verbose stack     at CachingRegistryClient.<anonymous> (/usr/local/lib/node_modules/npm/node_modules/npm-registry-client/lib/request.js:251:14)
35 verbose stack     at Request._callback (/usr/local/lib/node_modules/npm/node_modules/npm-registry-client/lib/request.js:171:14)
35 verbose stack     at Request.self.callback (/usr/local/lib/node_modules/npm/node_modules/request/request.js:198:22)
35 verbose stack     at emitTwo (events.js:87:13)
35 verbose stack     at Request.emit (events.js:172:7)
35 verbose stack     at Request.<anonymous> (/usr/local/lib/node_modules/npm/node_modules/request/request.js:1073:14)
35 verbose stack     at emitOne (events.js:82:20)
35 verbose stack     at Request.emit (events.js:169:7)
35 verbose stack     at IncomingMessage.<anonymous> (/usr/local/lib/node_modules/npm/node_modules/request/request.js:1019:12)
36 verbose statusCode 403
37 verbose pkgid sass-rando
38 verbose cwd /Users/miriam/Documents/Web/Sites/sass-rando
39 error Darwin 15.0.0
40 error argv "/usr/local/bin/node" "/usr/local/bin/npm" "publish"
41 error node v4.0.0
42 error npm  v2.14.2
43 error code E403
44 error "You cannot publish over the previously published version 2.0.0." : sass-rando
45 error If you need help, you may report this error at:
45 error     <https://github.com/npm/npm/issues>
46 verbose exit [ 1, true ]
